<?xml version="1.0" encoding="UTF-8"?>
<testng-results skipped="0" failed="0" total="1" passed="1">
  <reporter-output>
  </reporter-output>
  <suite name="Default suite" duration-ms="47399" started-at="2018-05-30T00:04:01Z" finished-at="2018-05-30T00:04:49Z">
    <groups>
    </groups>
    <test name="Default test" duration-ms="47399" started-at="2018-05-30T00:04:01Z" finished-at="2018-05-30T00:04:49Z">
      <class name="tests.Testcase1">
        <test-method status="PASS" signature="setup()[pri:0, instance:tests.Testcase1@527740a2]" name="setup" is-config="true" duration-ms="19451" started-at="2018-05-30T10:04:01Z" finished-at="2018-05-30T10:04:21Z">
          <reporter-output>
          </reporter-output>
        </test-method> <!-- setup -->
        <test-method status="PASS" signature="loginTest()[pri:0, instance:tests.Testcase1@527740a2]" name="loginTest" duration-ms="27926" started-at="2018-05-30T10:04:21Z" description="This testcase verifies weather user is able to create planner and save it " finished-at="2018-05-30T10:04:49Z">
          <reporter-output>
          </reporter-output>
        </test-method> <!-- loginTest -->
      </class> <!-- tests.Testcase1 -->
    </test> <!-- Default test -->
  </suite> <!-- Default suite -->
</testng-results>
